[0820/154305.109:ERROR:process_memory_win.cc(73)] ReadMemory at 0x7ff852c10000 of 64 bytes failed: Only part of a ReadProcessMemory or WriteProcessMemory request was completed. (0x12B)
[0820/154305.251:WARNING:pe_image_reader.cc(340)] could not read dos header from C:\Windows\system32\KERNEL32.DLL
[0820/154305.251:ERROR:process_memory_win.cc(73)] ReadMemory at 0x7ff851920000 of 64 bytes failed: Only part of a ReadProcessMemory or WriteProcessMemory request was completed. (0x12B)
[0820/154305.252:WARNING:pe_image_reader.cc(340)] could not read dos header from C:\Windows\system32\KERNELBASE.dll
[0820/154305.252:ERROR:process_memory_win.cc(73)] ReadMemory at 0x7ff842d50000 of 64 bytes failed: Only part of a ReadProcessMemory or WriteProcessMemory request was completed. (0x12B)
[0820/154305.252:WARNING:pe_image_reader.cc(340)] could not read dos header from C:\Program Files (x86)\Google\Chrome\Application\84.0.4147.125\chrome_elf.dll
[0820/154305.252:ERROR:process_memory_win.cc(73)] ReadMemory at 0x7ff84ec30000 of 64 bytes failed: Only part of a ReadProcessMemory or WriteProcessMemory request was completed. (0x12B)
[0820/154305.252:WARNING:pe_image_reader.cc(340)] could not read dos header from C:\Windows\SYSTEM32\VERSION.dll
[0820/154305.252:ERROR:process_memory_win.cc(73)] ReadMemory at 0x7ff852b00000 of 64 bytes failed: Only part of a ReadProcessMemory or WriteProcessMemory request was completed. (0x12B)
[0820/154305.252:WARNING:pe_image_reader.cc(340)] could not read dos header from C:\Windows\system32\msvcrt.dll
[0820/154305.252:ERROR:process_memory_win.cc(73)] ReadMemory at 0x7ff852a50000 of 64 bytes failed: Only part of a ReadProcessMemory or WriteProcessMemory request was completed. (0x12B)
[0820/154305.253:WARNING:pe_image_reader.cc(340)] could not read dos header from C:\Windows\system32\ADVAPI32.dll
[0820/154305.253:ERROR:process_memory_win.cc(73)] ReadMemory at 0x7ff8522a0000 of 64 bytes failed: Only part of a ReadProcessMemory or WriteProcessMemory request was completed. (0x12B)
[0820/154305.253:WARNING:pe_image_reader.cc(340)] could not read dos header from C:\Windows\SYSTEM32\sechost.dll
[0820/154305.253:ERROR:process_memory_win.cc(73)] ReadMemory at 0x7ff8528d0000 of 64 bytes failed: Only part of a ReadProcessMemory or WriteProcessMemory request was completed. (0x12B)
[0820/154305.253:WARNING:pe_image_reader.cc(340)] could not read dos header from C:\Windows\system32\RPCRT4.dll
[0820/154305.253:ERROR:process_memory_win.cc(73)] ReadMemory at 0x7ff851a40000 of 64 bytes failed: Only part of a ReadProcessMemory or WriteProcessMemory request was completed. (0x12B)
[0820/154305.253:WARNING:pe_image_reader.cc(340)] could not read dos header from C:\Windows\system32\SspiCli.dll
[0820/154305.253:ERROR:process_memory_win.cc(73)] ReadMemory at 0x7ff828f90000 of 64 bytes failed: Only part of a ReadProcessMemory or WriteProcessMemory request was completed. (0x12B)
[0820/154305.253:WARNING:pe_image_reader.cc(340)] could not read dos header from C:\Program Files (x86)\Google\Chrome\Application\84.0.4147.125\chrome.dll
[0820/154305.253:ERROR:process_memory_win.cc(73)] ReadMemory at 0x7ff851f30000 of 64 bytes failed: Only part of a ReadProcessMemory or WriteProcessMemory request was completed. (0x12B)
[0820/154305.253:WARNING:pe_image_reader.cc(340)] could not read dos header from C:\Windows\system32\WS2_32.dll
[0820/154305.253:ERROR:process_memory_win.cc(73)] ReadMemory at 0x7ff84c440000 of 64 bytes failed: Only part of a ReadProcessMemory or WriteProcessMemory request was completed. (0x12B)
[0820/154305.254:WARNING:pe_image_reader.cc(340)] could not read dos header from C:\Windows\SYSTEM32\IPHLPAPI.DLL
[0820/154305.254:ERROR:process_memory_win.cc(73)] ReadMemory at 0x7ff8524a0000 of 64 bytes failed: Only part of a ReadProcessMemory or WriteProcessMemory request was completed. (0x12B)
[0820/154305.254:WARNING:pe_image_reader.cc(340)] could not read dos header from C:\Windows\system32\OLEAUT32.dll
[0820/154305.254:ERROR:process_memory_win.cc(73)] ReadMemory at 0x7ff84ec00000 of 64 bytes failed: Only part of a ReadProcessMemory or WriteProcessMemory request was completed. (0x12B)
[0820/154305.254:WARNING:pe_image_reader.cc(340)] could not read dos header from C:\Windows\SYSTEM32\WINMM.dll
[0820/154305.254:ERROR:process_memory_win.cc(73)] ReadMemory at 0x7ff8499f0000 of 64 bytes failed: Only part of a ReadProcessMemory or WriteProcessMemory request was completed. (0x12B)
[0820/154305.254:WARNING:pe_image_reader.cc(340)] could not read dos header from C:\Windows\SYSTEM32\Secur32.dll
[0820/154305.254:ERROR:process_memory_win.cc(73)] ReadMemory at 0x7ff850d80000 of 64 bytes failed: Only part of a ReadProcessMemory or WriteProcessMemory request was completed. (0x12B)
[0820/154305.254:WARNING:pe_image_reader.cc(340)] could not read dos header from C:\Windows\SYSTEM32\USERENV.dll
[0820/154305.254:ERROR:process_memory_win.cc(73)] ReadMemory at 0x7ff8518c0000 of 64 bytes failed: Only part of a ReadProcessMemory or WriteProcessMemory request was completed. (0x12B)
[0820/154305.255:WARNING:pe_image_reader.cc(340)] could not read dos header from C:\Windows\system32\WINTRUST.dll
[0820/154305.255:ERROR:process_memory_win.cc(73)] ReadMemory at 0x7ff84ee50000 of 64 bytes failed: Only part of a ReadProcessMemory or WriteProcessMemory request was completed. (0x12B)
[0820/154305.255:WARNING:pe_image_reader.cc(340)] could not read dos header from C:\Windows\SYSTEM32\UIAutomationCore.DLL
[0820/154305.255:ERROR:process_memory_win.cc(73)] ReadMemory at 0x7ff851a70000 of 64 bytes failed: Only part of a ReadProcessMemory or WriteProcessMemory request was completed. (0x12B)
[0820/154305.255:WARNING:pe_image_reader.cc(340)] could not read dos header from C:\Windows\system32\CRYPT32.dll
[0820/154305.255:ERROR:process_memory_win.cc(73)] ReadMemory at 0x7ff84b9a0000 of 64 bytes failed: Only part of a ReadProcessMemory or WriteProcessMemory request was completed. (0x12B)
[0820/154305.255:WARNING:pe_image_reader.cc(340)] could not read dos header from C:\Windows\SYSTEM32\DWrite.dll
[0820/154305.255:ERROR:process_memory_win.cc(73)] ReadMemory at 0x7ff848330000 of 64 bytes failed: Only part of a ReadProcessMemory or WriteProcessMemory request was completed. (0x12B)
[0820/154305.255:WARNING:pe_image_reader.cc(340)] could not read dos header from C:\Windows\SYSTEM32\WINSPOOL.DRV
[0820/154305.255:ERROR:process_memory_win.cc(73)] ReadMemory at 0x7ff84c8d0000 of 64 bytes failed: Only part of a ReadProcessMemory or WriteProcessMemory request was completed. (0x12B)
[0820/154305.255:WARNING:pe_image_reader.cc(340)] could not read dos header from C:\Windows\SYSTEM32\dbghelp.dll
[0820/154305.255:ERROR:process_memory_win.cc(73)] ReadMemory at 0x7ff8493e0000 of 64 bytes failed: Only part of a ReadProcessMemory or WriteProcessMemory request was completed. (0x12B)
[0820/154305.256:WARNING:pe_image_reader.cc(340)] could not read dos header from C:\Windows\SYSTEM32\WINHTTP.dll
[0820/154305.256:ERROR:process_memory_win.cc(73)] ReadMemory at 0x7ff84c0f0000 of 64 bytes failed: Only part of a ReadProcessMemory or WriteProcessMemory request was completed. (0x12B)
[0820/154305.256:WARNING:pe_image_reader.cc(340)] could not read dos header from C:\Windows\SYSTEM32\dhcpcsvc.DLL
[0820/154305.256:ERROR:process_memory_win.cc(73)] ReadMemory at 0x7ff851f20000 of 64 bytes failed: Only part of a ReadProcessMemory or WriteProcessMemory request was completed. (0x12B)
[0820/154305.256:WARNING:pe_image_reader.cc(340)] could not read dos header from C:\Windows\system32\NSI.dll
[0820/154305.256:ERROR:process_memory_win.cc(73)] ReadMemory at 0x7ff84c420000 of 64 bytes failed: Only part of a ReadProcessMemory or WriteProcessMemory request was completed. (0x12B)
[0820/154305.256:WARNING:pe_image_reader.cc(340)] could not read dos header from C:\Windows\SYSTEM32\WINNSI.DLL
[0820/154305.256:ERROR:process_memory_win.cc(73)] ReadMemory at 0x7ff851d10000 of 64 bytes failed: Only part of a ReadProcessMemory or WriteProcessMemory request was completed. (0x12B)
[0820/154305.256:WARNING:pe_image_reader.cc(340)] could not read dos header from C:\Windows\system32\combase.dll
[0820/154305.256:ERROR:process_memory_win.cc(73)] ReadMemory at 0x7ff84eb70000 of 64 bytes failed: Only part of a ReadProcessMemory or WriteProcessMemory request was completed. (0x12B)
[0820/154305.256:WARNING:pe_image_reader.cc(340)] could not read dos header from C:\Windows\SYSTEM32\WINMMBASE.dll
[0820/154305.257:ERROR:process_memory_win.cc(73)] ReadMemory at 0x7ff852570000 of 64 bytes failed: Only part of a ReadProcessMemory or WriteProcessMemory request was completed. (0x12B)
[0820/154305.257:WARNING:pe_image_reader.cc(340)] could not read dos header from C:\Windows\system32\USER32.dll
[0820/154305.257:ERROR:process_memory_win.cc(73)] ReadMemory at 0x7ff8517a0000 of 64 bytes failed: Only part of a ReadProcessMemory or WriteProcessMemory request was completed. (0x12B)
[0820/154305.257:WARNING:pe_image_reader.cc(340)] could not read dos header from C:\Windows\SYSTEM32\profapi.dll
[0820/154305.257:ERROR:process_memory_win.cc(73)] ReadMemory at 0x7ff851850000 of 64 bytes failed: Only part of a ReadProcessMemory or WriteProcessMemory request was completed. (0x12B)
[0820/154305.257:WARNING:pe_image_reader.cc(340)] could not read dos header from C:\Windows\system32\MSASN1.dll
[0820/154305.257:ERROR:process_memory_win.cc(73)] ReadMemory at 0x7ff851870000 of 64 bytes failed: Only part of a ReadProcessMemory or WriteProcessMemory request was completed. (0x12B)
[0820/154305.257:WARNING:pe_image_reader.cc(340)] could not read dos header from C:\Windows\SYSTEM32\cfgmgr32.dll
[0820/154305.257:ERROR:process_memory_win.cc(73)] ReadMemory at 0x7ff8505b0000 of 64 bytes failed: Only part of a ReadProcessMemory or WriteProcessMemory request was completed. (0x12B)
[0820/154305.257:WARNING:pe_image_reader.cc(340)] could not read dos header from C:\Windows\SYSTEM32\DEVOBJ.dll
[0820/154305.257:ERROR:process_memory_win.cc(73)] ReadMemory at 0x7ff852150000 of 64 bytes failed: Only part of a ReadProcessMemory or WriteProcessMemory request was completed. (0x12B)
[0820/154305.258:WARNING:pe_image_reader.cc(340)] could not read dos header from C:\Windows\system32\GDI32.dll
[0820/154305.258:ERROR:process_memory_win.cc(73)] ReadMemory at 0x7ff852a10000 of 64 bytes failed: Only part of a ReadProcessMemory or WriteProcessMemory request was completed. (0x12B)
[0820/154305.258:WARNING:pe_image_reader.cc(340)] could not read dos header from C:\Windows\system32\IMM32.DLL
[0820/154305.258:ERROR:process_memory_win.cc(73)] ReadMemory at 0x7ff851ff0000 of 64 bytes failed: Only part of a ReadProcessMemory or WriteProcessMemory request was completed. (0x12B)
[0820/154305.258:WARNING:pe_image_reader.cc(340)] could not read dos header from C:\Windows\system32\MSCTF.dll
[0820/154305.258:ERROR:process_memory_win.cc(73)] ReadMemory at 0x7ff851670000 of 64 bytes failed: Only part of a ReadProcessMemory or WriteProcessMemory request was completed. (0x12B)
[0820/154305.258:WARNING:pe_image_reader.cc(340)] could not read dos header from C:\Windows\SYSTEM32\CRYPTBASE.DLL
[0820/154305.258:ERROR:process_memory_win.cc(73)] ReadMemory at 0x7ff851600000 of 64 bytes failed: Only part of a ReadProcessMemory or WriteProcessMemory request was completed. (0x12B)
[0820/154305.258:WARNING:pe_image_reader.cc(340)] could not read dos header from C:\Windows\SYSTEM32\bcryptPrimitives.dll
[0820/154305.263:ERROR:process_memory_win.cc(73)] ReadMemory at 0x7ff66c730000 of 64 bytes failed: Only part of a ReadProcessMemory or WriteProcessMemory request was completed. (0x12B)
[0820/154305.263:WARNING:pe_image_reader.cc(340)] could not read dos header from C:\Program Files (x86)\Google\Chrome\Application\chrome.exe
[0820/154305.263:ERROR:process_memory_win.cc(73)] ReadMemory at 0x7ff854670000 of 64 bytes failed: Only part of a ReadProcessMemory or WriteProcessMemory request was completed. (0x12B)
[0820/154305.263:WARNING:pe_image_reader.cc(340)] could not read dos header from C:\Windows\SYSTEM32\ntdll.dll
[0820/154305.263:ERROR:process_memory_win.cc(73)] ReadMemory at 0x7ff852c10000 of 64 bytes failed: Only part of a ReadProcessMemory or WriteProcessMemory request was completed. (0x12B)
[0820/154305.263:WARNING:pe_image_reader.cc(340)] could not read dos header from C:\Windows\system32\KERNEL32.DLL
[0820/154305.264:ERROR:process_memory_win.cc(73)] ReadMemory at 0x7ff851920000 of 64 bytes failed: Only part of a ReadProcessMemory or WriteProcessMemory request was completed. (0x12B)
[0820/154305.264:WARNING:pe_image_reader.cc(340)] could not read dos header from C:\Windows\system32\KERNELBASE.dll
[0820/154305.264:ERROR:process_memory_win.cc(73)] ReadMemory at 0x7ff842d50000 of 64 bytes failed: Only part of a ReadProcessMemory or WriteProcessMemory request was completed. (0x12B)
[0820/154305.264:WARNING:pe_image_reader.cc(340)] could not read dos header from C:\Program Files (x86)\Google\Chrome\Application\84.0.4147.125\chrome_elf.dll
[0820/154305.264:ERROR:process_memory_win.cc(73)] ReadMemory at 0x7ff84ec30000 of 64 bytes failed: Only part of a ReadProcessMemory or WriteProcessMemory request was completed. (0x12B)
[0820/154305.264:WARNING:pe_image_reader.cc(340)] could not read dos header from C:\Windows\SYSTEM32\VERSION.dll
[0820/154305.264:ERROR:process_memory_win.cc(73)] ReadMemory at 0x7ff852b00000 of 64 bytes failed: Only part of a ReadProcessMemory or WriteProcessMemory request was completed. (0x12B)
[0820/154305.264:WARNING:pe_image_reader.cc(340)] could not read dos header from C:\Windows\system32\msvcrt.dll
[0820/154305.264:ERROR:process_memory_win.cc(73)] ReadMemory at 0x7ff852a50000 of 64 bytes failed: Only part of a ReadProcessMemory or WriteProcessMemory request was completed. (0x12B)
[0820/154305.264:WARNING:pe_image_reader.cc(340)] could not read dos header from C:\Windows\system32\ADVAPI32.dll
[0820/154305.264:ERROR:process_memory_win.cc(73)] ReadMemory at 0x7ff8522a0000 of 64 bytes failed: Only part of a ReadProcessMemory or WriteProcessMemory request was completed. (0x12B)
[0820/154305.264:WARNING:pe_image_reader.cc(340)] could not read dos header from C:\Windows\SYSTEM32\sechost.dll
[0820/154305.265:ERROR:process_memory_win.cc(73)] ReadMemory at 0x7ff8528d0000 of 64 bytes failed: Only part of a ReadProcessMemory or WriteProcessMemory request was completed. (0x12B)
[0820/154305.265:WARNING:pe_image_reader.cc(340)] could not read dos header from C:\Windows\system32\RPCRT4.dll
[0820/154305.265:ERROR:process_memory_win.cc(73)] ReadMemory at 0x7ff851a40000 of 64 bytes failed: Only part of a ReadProcessMemory or WriteProcessMemory request was completed. (0x12B)
[0820/154305.265:WARNING:pe_image_reader.cc(340)] could not read dos header from C:\Windows\system32\SspiCli.dll
[0820/154305.265:ERROR:process_memory_win.cc(73)] ReadMemory at 0x7ff828f90000 of 64 bytes failed: Only part of a ReadProcessMemory or WriteProcessMemory request was completed. (0x12B)
[0820/154305.265:WARNING:pe_image_reader.cc(340)] could not read dos header from C:\Program Files (x86)\Google\Chrome\Application\84.0.4147.125\chrome.dll
[0820/154305.265:ERROR:process_memory_win.cc(73)] ReadMemory at 0x7ff851f30000 of 64 bytes failed: Only part of a ReadProcessMemory or WriteProcessMemory request was completed. (0x12B)
[0820/154305.265:WARNING:pe_image_reader.cc(340)] could not read dos header from C:\Windows\system32\WS2_32.dll
[0820/154305.265:ERROR:process_memory_win.cc(73)] ReadMemory at 0x7ff84c440000 of 64 bytes failed: Only part of a ReadProcessMemory or WriteProcessMemory request was completed. (0x12B)
[0820/154305.265:WARNING:pe_image_reader.cc(340)] could not read dos header from C:\Windows\SYSTEM32\IPHLPAPI.DLL
[0820/154305.265:ERROR:process_memory_win.cc(73)] ReadMemory at 0x7ff8524a0000 of 64 bytes failed: Only part of a ReadProcessMemory or WriteProcessMemory request was completed. (0x12B)
[0820/154305.266:WARNING:pe_image_reader.cc(340)] could not read dos header from C:\Windows\system32\OLEAUT32.dll
[0820/154305.266:ERROR:process_memory_win.cc(73)] ReadMemory at 0x7ff84ec00000 of 64 bytes failed: Only part of a ReadProcessMemory or WriteProcessMemory request was completed. (0x12B)
[0820/154305.266:WARNING:pe_image_reader.cc(340)] could not read dos header from C:\Windows\SYSTEM32\WINMM.dll
[0820/154305.266:ERROR:process_memory_win.cc(73)] ReadMemory at 0x7ff8499f0000 of 64 bytes failed: Only part of a ReadProcessMemory or WriteProcessMemory request was completed. (0x12B)
[0820/154305.266:WARNING:pe_image_reader.cc(340)] could not read dos header from C:\Windows\SYSTEM32\Secur32.dll
[0820/154305.266:ERROR:process_memory_win.cc(73)] ReadMemory at 0x7ff850d80000 of 64 bytes failed: Only part of a ReadProcessMemory or WriteProcessMemory request was completed. (0x12B)
[0820/154305.266:WARNING:pe_image_reader.cc(340)] could not read dos header from C:\Windows\SYSTEM32\USERENV.dll
[0820/154305.266:ERROR:process_memory_win.cc(73)] ReadMemory at 0x7ff8518c0000 of 64 bytes failed: Only part of a ReadProcessMemory or WriteProcessMemory request was completed. (0x12B)
[0820/154305.266:WARNING:pe_image_reader.cc(340)] could not read dos header from C:\Windows\system32\WINTRUST.dll
[0820/154305.266:ERROR:process_memory_win.cc(73)] ReadMemory at 0x7ff84ee50000 of 64 bytes failed: Only part of a ReadProcessMemory or WriteProcessMemory request was completed. (0x12B)
[0820/154305.267:WARNING:pe_image_reader.cc(340)] could not read dos header from C:\Windows\SYSTEM32\UIAutomationCore.DLL
[0820/154305.267:ERROR:process_memory_win.cc(73)] ReadMemory at 0x7ff851a70000 of 64 bytes failed: Only part of a ReadProcessMemory or WriteProcessMemory request was completed. (0x12B)
[0820/154305.267:WARNING:pe_image_reader.cc(340)] could not read dos header from C:\Windows\system32\CRYPT32.dll
[0820/154305.267:ERROR:process_memory_win.cc(73)] ReadMemory at 0x7ff84b9a0000 of 64 bytes failed: Only part of a ReadProcessMemory or WriteProcessMemory request was completed. (0x12B)
[0820/154305.267:WARNING:pe_image_reader.cc(340)] could not read dos header from C:\Windows\SYSTEM32\DWrite.dll
[0820/154305.267:ERROR:process_memory_win.cc(73)] ReadMemory at 0x7ff848330000 of 64 bytes failed: Only part of a ReadProcessMemory or WriteProcessMemory request was completed. (0x12B)
[0820/154305.267:WARNING:pe_image_reader.cc(340)] could not read dos header from C:\Windows\SYSTEM32\WINSPOOL.DRV
[0820/154305.267:ERROR:process_memory_win.cc(73)] ReadMemory at 0x7ff84c8d0000 of 64 bytes failed: Only part of a ReadProcessMemory or WriteProcessMemory request was completed. (0x12B)
[0820/154305.267:WARNING:pe_image_reader.cc(340)] could not read dos header from C:\Windows\SYSTEM32\dbghelp.dll
[0820/154305.267:ERROR:process_memory_win.cc(73)] ReadMemory at 0x7ff8493e0000 of 64 bytes failed: Only part of a ReadProcessMemory or WriteProcessMemory request was completed. (0x12B)
[0820/154305.267:WARNING:pe_image_reader.cc(340)] could not read dos header from C:\Windows\SYSTEM32\WINHTTP.dll
[0820/154305.268:ERROR:process_memory_win.cc(73)] ReadMemory at 0x7ff84c0f0000 of 64 bytes failed: Only part of a ReadProcessMemory or WriteProcessMemory request was completed. (0x12B)
[0820/154305.268:WARNING:pe_image_reader.cc(340)] could not read dos header from C:\Windows\SYSTEM32\dhcpcsvc.DLL
[0820/154305.268:ERROR:process_memory_win.cc(73)] ReadMemory at 0x7ff851f20000 of 64 bytes failed: Only part of a ReadProcessMemory or WriteProcessMemory request was completed. (0x12B)
[0820/154305.268:WARNING:pe_image_reader.cc(340)] could not read dos header from C:\Windows\system32\NSI.dll
[0820/154305.268:ERROR:process_memory_win.cc(73)] ReadMemory at 0x7ff84c420000 of 64 bytes failed: Only part of a ReadProcessMemory or WriteProcessMemory request was completed. (0x12B)
[0820/154305.268:WARNING:pe_image_reader.cc(340)] could not read dos header from C:\Windows\SYSTEM32\WINNSI.DLL
[0820/154305.268:ERROR:process_memory_win.cc(73)] ReadMemory at 0x7ff851d10000 of 64 bytes failed: Only part of a ReadProcessMemory or WriteProcessMemory request was completed. (0x12B)
[0820/154305.268:WARNING:pe_image_reader.cc(340)] could not read dos header from C:\Windows\system32\combase.dll
[0820/154305.268:ERROR:process_memory_win.cc(73)] ReadMemory at 0x7ff84eb70000 of 64 bytes failed: Only part of a ReadProcessMemory or WriteProcessMemory request was completed. (0x12B)
[0820/154305.268:WARNING:pe_image_reader.cc(340)] could not read dos header from C:\Windows\SYSTEM32\WINMMBASE.dll
[0820/154305.268:ERROR:process_memory_win.cc(73)] ReadMemory at 0x7ff852570000 of 64 bytes failed: Only part of a ReadProcessMemory or WriteProcessMemory request was completed. (0x12B)
[0820/154305.268:WARNING:pe_image_reader.cc(340)] could not read dos header from C:\Windows\system32\USER32.dll
[0820/154305.269:ERROR:process_memory_win.cc(73)] ReadMemory at 0x7ff8517a0000 of 64 bytes failed: Only part of a ReadProcessMemory or WriteProcessMemory request was completed. (0x12B)
[0820/154305.269:WARNING:pe_image_reader.cc(340)] could not read dos header from C:\Windows\SYSTEM32\profapi.dll
[0820/154305.269:ERROR:process_memory_win.cc(73)] ReadMemory at 0x7ff851850000 of 64 bytes failed: Only part of a ReadProcessMemory or WriteProcessMemory request was completed. (0x12B)
[0820/154305.269:WARNING:pe_image_reader.cc(340)] could not read dos header from C:\Windows\system32\MSASN1.dll
[0820/154305.269:ERROR:process_memory_win.cc(73)] ReadMemory at 0x7ff851870000 of 64 bytes failed: Only part of a ReadProcessMemory or WriteProcessMemory request was completed. (0x12B)
[0820/154305.269:WARNING:pe_image_reader.cc(340)] could not read dos header from C:\Windows\SYSTEM32\cfgmgr32.dll
[0820/154305.269:ERROR:process_memory_win.cc(73)] ReadMemory at 0x7ff8505b0000 of 64 bytes failed: Only part of a ReadProcessMemory or WriteProcessMemory request was completed. (0x12B)
[0820/154305.269:WARNING:pe_image_reader.cc(340)] could not read dos header from C:\Windows\SYSTEM32\DEVOBJ.dll
[0820/154305.269:ERROR:process_memory_win.cc(73)] ReadMemory at 0x7ff852150000 of 64 bytes failed: Only part of a ReadProcessMemory or WriteProcessMemory request was completed. (0x12B)
[0820/154305.269:WARNING:pe_image_reader.cc(340)] could not read dos header from C:\Windows\system32\GDI32.dll
[0820/154305.269:ERROR:process_memory_win.cc(73)] ReadMemory at 0x7ff852a10000 of 64 bytes failed: Only part of a ReadProcessMemory or WriteProcessMemory request was completed. (0x12B)
[0820/154305.269:WARNING:pe_image_reader.cc(340)] could not read dos header from C:\Windows\system32\IMM32.DLL
[0820/154305.270:ERROR:process_memory_win.cc(73)] ReadMemory at 0x7ff851ff0000 of 64 bytes failed: Only part of a ReadProcessMemory or WriteProcessMemory request was completed. (0x12B)
[0820/154305.270:WARNING:pe_image_reader.cc(340)] could not read dos header from C:\Windows\system32\MSCTF.dll
[0820/154305.270:ERROR:process_memory_win.cc(73)] ReadMemory at 0x7ff851670000 of 64 bytes failed: Only part of a ReadProcessMemory or WriteProcessMemory request was completed. (0x12B)
[0820/154305.270:WARNING:pe_image_reader.cc(340)] could not read dos header from C:\Windows\SYSTEM32\CRYPTBASE.DLL
[0820/154305.270:ERROR:process_memory_win.cc(73)] ReadMemory at 0x7ff851600000 of 64 bytes failed: Only part of a ReadProcessMemory or WriteProcessMemory request was completed. (0x12B)
[0820/154305.270:WARNING:pe_image_reader.cc(340)] could not read dos header from C:\Windows\SYSTEM32\bcryptPrimitives.dll
[0820/154305.270:ERROR:process_memory_win.cc(73)] ReadMemory at 0x7ff66c730000 of 64 bytes failed: Only part of a ReadProcessMemory or WriteProcessMemory request was completed. (0x12B)
[0820/154305.270:WARNING:pe_image_reader.cc(340)] could not read dos header from C:\Program Files (x86)\Google\Chrome\Application\chrome.exe
[0820/154305.270:ERROR:process_memory_win.cc(73)] ReadMemory at 0x7ff854670000 of 64 bytes failed: Only part of a ReadProcessMemory or WriteProcessMemory request was completed. (0x12B)
[0820/154305.270:WARNING:pe_image_reader.cc(340)] could not read dos header from C:\Windows\SYSTEM32\ntdll.dll
[0820/154305.270:ERROR:process_memory_win.cc(73)] ReadMemory at 0x7ff852c10000 of 64 bytes failed: Only part of a ReadProcessMemory or WriteProcessMemory request was completed. (0x12B)
[0820/154305.271:WARNING:pe_image_reader.cc(340)] could not read dos header from C:\Windows\system32\KERNEL32.DLL
[0820/154305.271:ERROR:process_memory_win.cc(73)] ReadMemory at 0x7ff851920000 of 64 bytes failed: Only part of a ReadProcessMemory or WriteProcessMemory request was completed. (0x12B)
[0820/154305.271:WARNING:pe_image_reader.cc(340)] could not read dos header from C:\Windows\system32\KERNELBASE.dll
[0820/154305.271:ERROR:process_memory_win.cc(73)] ReadMemory at 0x7ff842d50000 of 64 bytes failed: Only part of a ReadProcessMemory or WriteProcessMemory request was completed. (0x12B)
[0820/154305.271:WARNING:pe_image_reader.cc(340)] could not read dos header from C:\Program Files (x86)\Google\Chrome\Application\84.0.4147.125\chrome_elf.dll
[0820/154305.271:ERROR:process_memory_win.cc(73)] ReadMemory at 0x7ff84ec30000 of 64 bytes failed: Only part of a ReadProcessMemory or WriteProcessMemory request was completed. (0x12B)
[0820/154305.271:WARNING:pe_image_reader.cc(340)] could not read dos header from C:\Windows\SYSTEM32\VERSION.dll
[0820/154305.271:ERROR:process_memory_win.cc(73)] ReadMemory at 0x7ff852b00000 of 64 bytes failed: Only part of a ReadProcessMemory or WriteProcessMemory request was completed. (0x12B)
[0820/154305.271:WARNING:pe_image_reader.cc(340)] could not read dos header from C:\Windows\system32\msvcrt.dll
[0820/154305.271:ERROR:process_memory_win.cc(73)] ReadMemory at 0x7ff852a50000 of 64 bytes failed: Only part of a ReadProcessMemory or WriteProcessMemory request was completed. (0x12B)
[0820/154305.271:WARNING:pe_image_reader.cc(340)] could not read dos header from C:\Windows\system32\ADVAPI32.dll
[0820/154305.271:ERROR:process_memory_win.cc(73)] ReadMemory at 0x7ff8522a0000 of 64 bytes failed: Only part of a ReadProcessMemory or WriteProcessMemory request was completed. (0x12B)
[0820/154305.272:WARNING:pe_image_reader.cc(340)] could not read dos header from C:\Windows\SYSTEM32\sechost.dll
[0820/154305.272:ERROR:process_memory_win.cc(73)] ReadMemory at 0x7ff8528d0000 of 64 bytes failed: Only part of a ReadProcessMemory or WriteProcessMemory request was completed. (0x12B)
[0820/154305.272:WARNING:pe_image_reader.cc(340)] could not read dos header from C:\Windows\system32\RPCRT4.dll
[0820/154305.272:ERROR:process_memory_win.cc(73)] ReadMemory at 0x7ff851a40000 of 64 bytes failed: Only part of a ReadProcessMemory or WriteProcessMemory request was completed. (0x12B)
[0820/154305.272:WARNING:pe_image_reader.cc(340)] could not read dos header from C:\Windows\system32\SspiCli.dll
[0820/154305.272:ERROR:process_memory_win.cc(73)] ReadMemory at 0x7ff828f90000 of 64 bytes failed: Only part of a ReadProcessMemory or WriteProcessMemory request was completed. (0x12B)
[0820/154305.272:WARNING:pe_image_reader.cc(340)] could not read dos header from C:\Program Files (x86)\Google\Chrome\Application\84.0.4147.125\chrome.dll
[0820/154305.272:ERROR:process_memory_win.cc(73)] ReadMemory at 0x7ff851f30000 of 64 bytes failed: Only part of a ReadProcessMemory or WriteProcessMemory request was completed. (0x12B)
[0820/154305.272:WARNING:pe_image_reader.cc(340)] could not read dos header from C:\Windows\system32\WS2_32.dll
[0820/154305.272:ERROR:process_memory_win.cc(73)] ReadMemory at 0x7ff84c440000 of 64 bytes failed: Only part of a ReadProcessMemory or WriteProcessMemory request was completed. (0x12B)
[0820/154305.272:WARNING:pe_image_reader.cc(340)] could not read dos header from C:\Windows\SYSTEM32\IPHLPAPI.DLL
[0820/154305.272:ERROR:process_memory_win.cc(73)] ReadMemory at 0x7ff8524a0000 of 64 bytes failed: Only part of a ReadProcessMemory or WriteProcessMemory request was completed. (0x12B)
[0820/154305.273:WARNING:pe_image_reader.cc(340)] could not read dos header from C:\Windows\system32\OLEAUT32.dll
[0820/154305.273:ERROR:process_memory_win.cc(73)] ReadMemory at 0x7ff84ec00000 of 64 bytes failed: Only part of a ReadProcessMemory or WriteProcessMemory request was completed. (0x12B)
[0820/154305.273:WARNING:pe_image_reader.cc(340)] could not read dos header from C:\Windows\SYSTEM32\WINMM.dll
[0820/154305.273:ERROR:process_memory_win.cc(73)] ReadMemory at 0x7ff8499f0000 of 64 bytes failed: Only part of a ReadProcessMemory or WriteProcessMemory request was completed. (0x12B)
[0820/154305.273:WARNING:pe_image_reader.cc(340)] could not read dos header from C:\Windows\SYSTEM32\Secur32.dll
[0820/154305.273:ERROR:process_memory_win.cc(73)] ReadMemory at 0x7ff850d80000 of 64 bytes failed: Only part of a ReadProcessMemory or WriteProcessMemory request was completed. (0x12B)
[0820/154305.273:WARNING:pe_image_reader.cc(340)] could not read dos header from C:\Windows\SYSTEM32\USERENV.dll
[0820/154305.273:ERROR:process_memory_win.cc(73)] ReadMemory at 0x7ff8518c0000 of 64 bytes failed: Only part of a ReadProcessMemory or WriteProcessMemory request was completed. (0x12B)
[0820/154305.273:WARNING:pe_image_reader.cc(340)] could not read dos header from C:\Windows\system32\WINTRUST.dll
[0820/154305.273:ERROR:process_memory_win.cc(73)] ReadMemory at 0x7ff84ee50000 of 64 bytes failed: Only part of a ReadProcessMemory or WriteProcessMemory request was completed. (0x12B)
[0820/154305.273:WARNING:pe_image_reader.cc(340)] could not read dos header from C:\Windows\SYSTEM32\UIAutomationCore.DLL
[0820/154305.274:ERROR:process_memory_win.cc(73)] ReadMemory at 0x7ff851a70000 of 64 bytes failed: Only part of a ReadProcessMemory or WriteProcessMemory request was completed. (0x12B)
[0820/154305.274:WARNING:pe_image_reader.cc(340)] could not read dos header from C:\Windows\system32\CRYPT32.dll
[0820/154305.274:ERROR:process_memory_win.cc(73)] ReadMemory at 0x7ff84b9a0000 of 64 bytes failed: Only part of a ReadProcessMemory or WriteProcessMemory request was completed. (0x12B)
[0820/154305.274:WARNING:pe_image_reader.cc(340)] could not read dos header from C:\Windows\SYSTEM32\DWrite.dll
[0820/154305.274:ERROR:process_memory_win.cc(73)] ReadMemory at 0x7ff848330000 of 64 bytes failed: Only part of a ReadProcessMemory or WriteProcessMemory request was completed. (0x12B)
[0820/154305.274:WARNING:pe_image_reader.cc(340)] could not read dos header from C:\Windows\SYSTEM32\WINSPOOL.DRV
[0820/154305.274:ERROR:process_memory_win.cc(73)] ReadMemory at 0x7ff84c8d0000 of 64 bytes failed: Only part of a ReadProcessMemory or WriteProcessMemory request was completed. (0x12B)
[0820/154305.274:WARNING:pe_image_reader.cc(340)] could not read dos header from C:\Windows\SYSTEM32\dbghelp.dll
[0820/154305.274:ERROR:process_memory_win.cc(73)] ReadMemory at 0x7ff8493e0000 of 64 bytes failed: Only part of a ReadProcessMemory or WriteProcessMemory request was completed. (0x12B)
[0820/154305.274:WARNING:pe_image_reader.cc(340)] could not read dos header from C:\Windows\SYSTEM32\WINHTTP.dll
[0820/154305.274:ERROR:process_memory_win.cc(73)] ReadMemory at 0x7ff84c0f0000 of 64 bytes failed: Only part of a ReadProcessMemory or WriteProcessMemory request was completed. (0x12B)
[0820/154305.274:WARNING:pe_image_reader.cc(340)] could not read dos header from C:\Windows\SYSTEM32\dhcpcsvc.DLL
[0820/154305.275:ERROR:process_memory_win.cc(73)] ReadMemory at 0x7ff851f20000 of 64 bytes failed: Only part of a ReadProcessMemory or WriteProcessMemory request was completed. (0x12B)
[0820/154305.275:WARNING:pe_image_reader.cc(340)] could not read dos header from C:\Windows\system32\NSI.dll
[0820/154305.275:ERROR:process_memory_win.cc(73)] ReadMemory at 0x7ff84c420000 of 64 bytes failed: Only part of a ReadProcessMemory or WriteProcessMemory request was completed. (0x12B)
[0820/154305.275:WARNING:pe_image_reader.cc(340)] could not read dos header from C:\Windows\SYSTEM32\WINNSI.DLL
[0820/154305.275:ERROR:process_memory_win.cc(73)] ReadMemory at 0x7ff851d10000 of 64 bytes failed: Only part of a ReadProcessMemory or WriteProcessMemory request was completed. (0x12B)
[0820/154305.275:WARNING:pe_image_reader.cc(340)] could not read dos header from C:\Windows\system32\combase.dll
[0820/154305.275:ERROR:process_memory_win.cc(73)] ReadMemory at 0x7ff84eb70000 of 64 bytes failed: Only part of a ReadProcessMemory or WriteProcessMemory request was completed. (0x12B)
[0820/154305.275:WARNING:pe_image_reader.cc(340)] could not read dos header from C:\Windows\SYSTEM32\WINMMBASE.dll
[0820/154305.275:ERROR:process_memory_win.cc(73)] ReadMemory at 0x7ff852570000 of 64 bytes failed: Only part of a ReadProcessMemory or WriteProcessMemory request was completed. (0x12B)
[0820/154305.275:WARNING:pe_image_reader.cc(340)] could not read dos header from C:\Windows\system32\USER32.dll
[0820/154305.306:ERROR:process_memory_win.cc(73)] ReadMemory at 0x7ff8517a0000 of 64 bytes failed: Only part of a ReadProcessMemory or WriteProcessMemory request was completed. (0x12B)
[0820/154305.306:WARNING:pe_image_reader.cc(340)] could not read dos header from C:\Windows\SYSTEM32\profapi.dll
[0820/154305.306:ERROR:process_memory_win.cc(73)] ReadMemory at 0x7ff851850000 of 64 bytes failed: Only part of a ReadProcessMemory or WriteProcessMemory request was completed. (0x12B)
[0820/154305.306:WARNING:pe_image_reader.cc(340)] could not read dos header from C:\Windows\system32\MSASN1.dll
[0820/154305.307:ERROR:process_memory_win.cc(73)] ReadMemory at 0x7ff851870000 of 64 bytes failed: Only part of a ReadProcessMemory or WriteProcessMemory request was completed. (0x12B)
[0820/154305.307:WARNING:pe_image_reader.cc(340)] could not read dos header from C:\Windows\SYSTEM32\cfgmgr32.dll
[0820/154305.307:ERROR:process_memory_win.cc(73)] ReadMemory at 0x7ff8505b0000 of 64 bytes failed: Only part of a ReadProcessMemory or WriteProcessMemory request was completed. (0x12B)
[0820/154305.307:WARNING:pe_image_reader.cc(340)] could not read dos header from C:\Windows\SYSTEM32\DEVOBJ.dll
[0820/154305.307:ERROR:process_memory_win.cc(73)] ReadMemory at 0x7ff852150000 of 64 bytes failed: Only part of a ReadProcessMemory or WriteProcessMemory request was completed. (0x12B)
[0820/154305.307:WARNING:pe_image_reader.cc(340)] could not read dos header from C:\Windows\system32\GDI32.dll
[0820/154305.307:ERROR:process_memory_win.cc(73)] ReadMemory at 0x7ff852a10000 of 64 bytes failed: Only part of a ReadProcessMemory or WriteProcessMemory request was completed. (0x12B)
[0820/154305.307:WARNING:pe_image_reader.cc(340)] could not read dos header from C:\Windows\system32\IMM32.DLL
[0820/154305.307:ERROR:process_memory_win.cc(73)] ReadMemory at 0x7ff851ff0000 of 64 bytes failed: Only part of a ReadProcessMemory or WriteProcessMemory request was completed. (0x12B)
[0820/154305.307:WARNING:pe_image_reader.cc(340)] could not read dos header from C:\Windows\system32\MSCTF.dll
[0820/154305.308:ERROR:process_memory_win.cc(73)] ReadMemory at 0x7ff851670000 of 64 bytes failed: Only part of a ReadProcessMemory or WriteProcessMemory request was completed. (0x12B)
[0820/154305.308:WARNING:pe_image_reader.cc(340)] could not read dos header from C:\Windows\SYSTEM32\CRYPTBASE.DLL
[0820/154305.308:ERROR:process_memory_win.cc(73)] ReadMemory at 0x7ff851600000 of 64 bytes failed: Only part of a ReadProcessMemory or WriteProcessMemory request was completed. (0x12B)
[0820/154305.308:WARNING:pe_image_reader.cc(340)] could not read dos header from C:\Windows\SYSTEM32\bcryptPrimitives.dll
[0820/154305.421:ERROR:process_memory_win.cc(73)] ReadMemory at 0x92e3464000 of 49152 bytes failed: Only part of a ReadProcessMemory or WriteProcessMemory request was completed. (0x12B)
[0820/154305.422:ERROR:process_memory_win.cc(73)] ReadMemory at 0x92e564d000 of 12288 bytes failed: Only part of a ReadProcessMemory or WriteProcessMemory request was completed. (0x12B)
[0820/154305.422:ERROR:process_memory_win.cc(73)] ReadMemory at 0x92e5e4a000 of 24576 bytes failed: Only part of a ReadProcessMemory or WriteProcessMemory request was completed. (0x12B)
[0820/154305.422:ERROR:process_memory_win.cc(73)] ReadMemory at 0x92e664c000 of 16384 bytes failed: Only part of a ReadProcessMemory or WriteProcessMemory request was completed. (0x12B)
[0820/154305.423:ERROR:process_memory_win.cc(73)] ReadMemory at 0x92e6e4c000 of 16384 bytes failed: Only part of a ReadProcessMemory or WriteProcessMemory request was completed. (0x12B)
[0820/154305.423:ERROR:process_memory_win.cc(73)] ReadMemory at 0x92e764e000 of 8192 bytes failed: Only part of a ReadProcessMemory or WriteProcessMemory request was completed. (0x12B)
[0820/154305.423:ERROR:process_memory_win.cc(73)] ReadMemory at 0x92e7e4d000 of 12288 bytes failed: Only part of a ReadProcessMemory or WriteProcessMemory request was completed. (0x12B)
[0820/154305.423:ERROR:process_memory_win.cc(73)] ReadMemory at 0x92e894b000 of 20480 bytes failed: Only part of a ReadProcessMemory or WriteProcessMemory request was completed. (0x12B)
[0820/154305.424:ERROR:process_memory_win.cc(73)] ReadMemory at 0x92e914d000 of 12288 bytes failed: Only part of a ReadProcessMemory or WriteProcessMemory request was completed. (0x12B)
[0820/154305.424:ERROR:process_memory_win.cc(73)] ReadMemory at 0x92e994d000 of 12288 bytes failed: Only part of a ReadProcessMemory or WriteProcessMemory request was completed. (0x12B)
[0820/154305.424:ERROR:process_memory_win.cc(73)] ReadMemory at 0x92ea34d000 of 12288 bytes failed: Only part of a ReadProcessMemory or WriteProcessMemory request was completed. (0x12B)
[0820/154305.424:ERROR:process_memory_win.cc(73)] ReadMemory at 0x92eab4d000 of 12288 bytes failed: Only part of a ReadProcessMemory or WriteProcessMemory request was completed. (0x12B)
[0820/154305.424:ERROR:process_memory_win.cc(73)] ReadMemory at 0x92eb38d000 of 12288 bytes failed: Only part of a ReadProcessMemory or WriteProcessMemory request was completed. (0x12B)
[0820/154305.425:ERROR:process_memory_win.cc(73)] ReadMemory at 0x92ecb3c000 of 16384 bytes failed: Only part of a ReadProcessMemory or WriteProcessMemory request was completed. (0x12B)
[0820/154305.425:ERROR:process_memory_win.cc(73)] ReadMemory at 0x92ebbff000 of 4096 bytes failed: Only part of a ReadProcessMemory or WriteProcessMemory request was completed. (0x12B)
[0820/154305.425:ERROR:process_memory_win.cc(73)] ReadMemory at 0x92e3552200 of 512 bytes failed: Only part of a ReadProcessMemory or WriteProcessMemory request was completed. (0x12B)
[0820/154305.425:ERROR:process_memory_win.cc(73)] ReadMemory at 0x92e35f06a0 of 512 bytes failed: Only part of a ReadProcessMemory or WriteProcessMemory request was completed. (0x12B)
[0820/154305.425:ERROR:process_memory_win.cc(73)] ReadMemory at 0x92e3670860 of 14646 bytes failed: Only part of a ReadProcessMemory or WriteProcessMemory request was completed. (0x12B)
[0820/154305.498:ERROR:process_memory_win.cc(73)] ReadMemory at 0x92e36741a0 of 1012 bytes failed: Only part of a ReadProcessMemory or WriteProcessMemory request was completed. (0x12B)
[0820/154305.499:ERROR:process_memory_win.cc(73)] ReadMemory at 0x92e36747b8 of 118 bytes failed: Only part of a ReadProcessMemory or WriteProcessMemory request was completed. (0x12B)
[0820/154305.578:ERROR:process_memory_win.cc(73)] ReadMemory at 0x92e3674830 of 846 bytes failed: Only part of a ReadProcessMemory or WriteProcessMemory request was completed. (0x12B)
[0820/154305.579:ERROR:process_memory_win.cc(73)] ReadMemory at 0x92e3674b80 of 118 bytes failed: Only part of a ReadProcessMemory or WriteProcessMemory request was completed. (0x12B)
[0820/154305.579:ERROR:process_memory_win.cc(73)] ReadMemory at 0x92e3674bf8 of 100 bytes failed: Only part of a ReadProcessMemory or WriteProcessMemory request was completed. (0x12B)
[0820/154305.579:ERROR:process_memory_win.cc(73)] ReadMemory at 0x92e3674c70 of 58 bytes failed: Only part of a ReadProcessMemory or WriteProcessMemory request was completed. (0x12B)
[0820/154305.579:ERROR:process_memory_win.cc(73)] ReadMemory at 0x92e3674d70 of 132 bytes failed: Only part of a ReadProcessMemory or WriteProcessMemory request was completed. (0x12B)
[0820/154305.579:ERROR:process_memory_win.cc(73)] ReadMemory at 0x92e3674ef0 of 132 bytes failed: Only part of a ReadProcessMemory or WriteProcessMemory request was completed. (0x12B)
[0820/154305.580:ERROR:process_memory_win.cc(73)] ReadMemory at 0x92e3675100 of 126 bytes failed: Only part of a ReadProcessMemory or WriteProcessMemory request was completed. (0x12B)
[0820/154305.580:ERROR:process_memory_win.cc(73)] ReadMemory at 0x92e36753f0 of 64 bytes failed: Only part of a ReadProcessMemory or WriteProcessMemory request was completed. (0x12B)
[0820/154305.580:ERROR:process_memory_win.cc(73)] ReadMemory at 0x92e3675440 of 132 bytes failed: Only part of a ReadProcessMemory or WriteProcessMemory request was completed. (0x12B)
[0820/154305.580:ERROR:process_memory_win.cc(73)] ReadMemory at 0x92e3675700 of 154 bytes failed: Only part of a ReadProcessMemory or WriteProcessMemory request was completed. (0x12B)
[0820/154305.580:ERROR:process_memory_win.cc(73)] ReadMemory at 0x92e36757b0 of 68 bytes failed: Only part of a ReadProcessMemory or WriteProcessMemory request was completed. (0x12B)
[0820/154305.580:ERROR:process_memory_win.cc(73)] ReadMemory at 0x92e3675800 of 132 bytes failed: Only part of a ReadProcessMemory or WriteProcessMemory request was completed. (0x12B)
[0820/154305.581:ERROR:process_memory_win.cc(73)] ReadMemory at 0x92e3676580 of 132 bytes failed: Only part of a ReadProcessMemory or WriteProcessMemory request was completed. (0x12B)
[0820/154305.638:ERROR:process_memory_win.cc(73)] ReadMemory at 0x92e36767d0 of 62 bytes failed: Only part of a ReadProcessMemory or WriteProcessMemory request was completed. (0x12B)
[0820/154305.638:ERROR:process_memory_win.cc(73)] ReadMemory at 0x92e3676820 of 132 bytes failed: Only part of a ReadProcessMemory or WriteProcessMemory request was completed. (0x12B)
[0820/154305.638:ERROR:process_memory_win.cc(73)] ReadMemory at 0x92e3676af0 of 60 bytes failed: Only part of a ReadProcessMemory or WriteProcessMemory request was completed. (0x12B)
[0820/154305.639:ERROR:process_memory_win.cc(73)] ReadMemory at 0x92e3679c90 of 132 bytes failed: Only part of a ReadProcessMemory or WriteProcessMemory request was completed. (0x12B)
[0820/154305.639:ERROR:process_memory_win.cc(73)] ReadMemory at 0x92e3683d60 of 512 bytes failed: Only part of a ReadProcessMemory or WriteProcessMemory request was completed. (0x12B)
[0820/154305.639:ERROR:process_memory_win.cc(73)] ReadMemory at 0x92e36874c0 of 62 bytes failed: Only part of a ReadProcessMemory or WriteProcessMemory request was completed. (0x12B)
[0820/154305.689:ERROR:process_memory_win.cc(73)] ReadMemory at 0x92e3687510 of 62 bytes failed: Only part of a ReadProcessMemory or WriteProcessMemory request was completed. (0x12B)
[0820/154305.689:ERROR:process_memory_win.cc(73)] ReadMemory at 0x92e3687560 of 62 bytes failed: Only part of a ReadProcessMemory or WriteProcessMemory request was completed. (0x12B)
[0820/154305.690:ERROR:process_memory_win.cc(73)] ReadMemory at 0x92e36875b0 of 62 bytes failed: Only part of a ReadProcessMemory or WriteProcessMemory request was completed. (0x12B)
[0820/154305.690:ERROR:process_memory_win.cc(73)] ReadMemory at 0x92e3687600 of 64 bytes failed: Only part of a ReadProcessMemory or WriteProcessMemory request was completed. (0x12B)
[0820/154305.690:ERROR:process_memory_win.cc(73)] ReadMemory at 0x92e3687650 of 64 bytes failed: Only part of a ReadProcessMemory or WriteProcessMemory request was completed. (0x12B)
[0820/154305.690:ERROR:process_memory_win.cc(73)] ReadMemory at 0x92e36876a0 of 60 bytes failed: Only part of a ReadProcessMemory or WriteProcessMemory request was completed. (0x12B)
[0820/154305.690:ERROR:process_memory_win.cc(73)] ReadMemory at 0x92e36876f0 of 64 bytes failed: Only part of a ReadProcessMemory or WriteProcessMemory request was completed. (0x12B)
[0820/154305.690:ERROR:process_memory_win.cc(73)] ReadMemory at 0x92e3687790 of 62 bytes failed: Only part of a ReadProcessMemory or WriteProcessMemory request was completed. (0x12B)
[0820/154305.691:ERROR:process_memory_win.cc(73)] ReadMemory at 0x92e3687880 of 58 bytes failed: Only part of a ReadProcessMemory or WriteProcessMemory request was completed. (0x12B)
[0820/154305.691:ERROR:process_memory_win.cc(73)] ReadMemory at 0x92e36878d0 of 64 bytes failed: Only part of a ReadProcessMemory or WriteProcessMemory request was completed. (0x12B)
[0820/154305.691:ERROR:process_memory_win.cc(73)] ReadMemory at 0x92e3687920 of 62 bytes failed: Only part of a ReadProcessMemory or WriteProcessMemory request was completed. (0x12B)
[0820/154305.691:ERROR:process_memory_win.cc(73)] ReadMemory at 0x92e3687970 of 62 bytes failed: Only part of a ReadProcessMemory or WriteProcessMemory request was completed. (0x12B)
[0820/154305.691:ERROR:process_memory_win.cc(73)] ReadMemory at 0x92e36879c0 of 60 bytes failed: Only part of a ReadProcessMemory or WriteProcessMemory request was completed. (0x12B)
[0820/154305.691:ERROR:process_memory_win.cc(73)] ReadMemory at 0x92e3687a10 of 60 bytes failed: Only part of a ReadProcessMemory or WriteProcessMemory request was completed. (0x12B)
[0820/154305.692:ERROR:process_memory_win.cc(73)] ReadMemory at 0x92e3687b00 of 64 bytes failed: Only part of a ReadProcessMemory or WriteProcessMemory request was completed. (0x12B)
[0820/154305.692:ERROR:process_memory_win.cc(73)] ReadMemory at 0x92e3687ba0 of 64 bytes failed: Only part of a ReadProcessMemory or WriteProcessMemory request was completed. (0x12B)
[0820/154305.763:ERROR:process_memory_win.cc(73)] ReadMemory at 0x92e3687bf0 of 60 bytes failed: Only part of a ReadProcessMemory or WriteProcessMemory request was completed. (0x12B)
[0820/154305.763:ERROR:process_memory_win.cc(73)] ReadMemory at 0x92e3687c40 of 58 bytes failed: Only part of a ReadProcessMemory or WriteProcessMemory request was completed. (0x12B)
[0820/154305.763:ERROR:process_memory_win.cc(73)] ReadMemory at 0x92e3687d30 of 62 bytes failed: Only part of a ReadProcessMemory or WriteProcessMemory request was completed. (0x12B)
[0820/154305.763:ERROR:process_memory_win.cc(73)] ReadMemory at 0x92e3687e70 of 60 bytes failed: Only part of a ReadProcessMemory or WriteProcessMemory request was completed. (0x12B)
[0820/154305.764:ERROR:process_memory_win.cc(73)] ReadMemory at 0x92e3687f10 of 62 bytes failed: Only part of a ReadProcessMemory or WriteProcessMemory request was completed. (0x12B)
[0820/154305.764:ERROR:process_memory_win.cc(73)] ReadMemory at 0x92e3687fb0 of 64 bytes failed: Only part of a ReadProcessMemory or WriteProcessMemory request was completed. (0x12B)
[0820/154305.764:ERROR:process_memory_win.cc(73)] ReadMemory at 0x92e3688000 of 58 bytes failed: Only part of a ReadProcessMemory or WriteProcessMemory request was completed. (0x12B)
[0820/154305.902:ERROR:process_memory_win.cc(73)] ReadMemory at 0x92e36880a0 of 66 bytes failed: Only part of a ReadProcessMemory or WriteProcessMemory request was completed. (0x12B)
[0820/154305.949:ERROR:process_memory_win.cc(73)] ReadMemory at 0x92e36880f0 of 58 bytes failed: Only part of a ReadProcessMemory or WriteProcessMemory request was completed. (0x12B)
[0820/154305.949:ERROR:process_memory_win.cc(73)] ReadMemory at 0x92e3688190 of 60 bytes failed: Only part of a ReadProcessMemory or WriteProcessMemory request was completed. (0x12B)
[0820/154305.949:ERROR:process_memory_win.cc(73)] ReadMemory at 0x92e3688410 of 60 bytes failed: Only part of a ReadProcessMemory or WriteProcessMemory request was completed. (0x12B)
[0820/154305.949:ERROR:process_memory_win.cc(73)] ReadMemory at 0x92e368aed0 of 132 bytes failed: Only part of a ReadProcessMemory or WriteProcessMemory request was completed. (0x12B)
[0820/154305.950:ERROR:process_memory_win.cc(73)] ReadMemory at 0x92e368b090 of 146 bytes failed: Only part of a ReadProcessMemory or WriteProcessMemory request was completed. (0x12B)
[0820/154305.950:ERROR:process_memory_win.cc(73)] ReadMemory at 0x92e368b380 of 80 bytes failed: Only part of a ReadProcessMemory or WriteProcessMemory request was completed. (0x12B)
[0820/154305.950:ERROR:process_memory_win.cc(73)] ReadMemory at 0x92e368c3a0 of 132 bytes failed: Only part of a ReadProcessMemory or WriteProcessMemory request was completed. (0x12B)
[0820/154305.950:ERROR:process_memory_win.cc(73)] ReadMemory at 0x92e368c4c0 of 132 bytes failed: Only part of a ReadProcessMemory or WriteProcessMemory request was completed. (0x12B)
[0820/154305.950:ERROR:process_memory_win.cc(73)] ReadMemory at 0x92e368c5e0 of 132 bytes failed: Only part of a ReadProcessMemory or WriteProcessMemory request was completed. (0x12B)
[0820/154305.997:ERROR:process_memory_win.cc(73)] ReadMemory at 0x92e368c790 of 132 bytes failed: Only part of a ReadProcessMemory or WriteProcessMemory request was completed. (0x12B)
[0820/154306.036:ERROR:process_memory_win.cc(73)] ReadMemory at 0x92e368d4a0 of 132 bytes failed: Only part of a ReadProcessMemory or WriteProcessMemory request was completed. (0x12B)
[0820/154306.036:ERROR:process_memory_win.cc(73)] ReadMemory at 0x92e368d5c0 of 132 bytes failed: Only part of a ReadProcessMemory or WriteProcessMemory request was completed. (0x12B)
[0820/154306.036:ERROR:process_memory_win.cc(73)] ReadMemory at 0x92e368fb30 of 54 bytes failed: Only part of a ReadProcessMemory or WriteProcessMemory request was completed. (0x12B)
[0820/154306.037:ERROR:process_memory_win.cc(73)] ReadMemory at 0x92e3693540 of 132 bytes failed: Only part of a ReadProcessMemory or WriteProcessMemory request was completed. (0x12B)
[0820/154306.037:ERROR:process_memory_win.cc(73)] ReadMemory at 0x92e3693660 of 132 bytes failed: Only part of a ReadProcessMemory or WriteProcessMemory request was completed. (0x12B)
[0820/154306.037:ERROR:process_memory_win.cc(73)] ReadMemory at 0x92e3693780 of 132 bytes failed: Only part of a ReadProcessMemory or WriteProcessMemory request was completed. (0x12B)
[0820/154306.037:ERROR:process_memory_win.cc(73)] ReadMemory at 0x92e3693f30 of 132 bytes failed: Only part of a ReadProcessMemory or WriteProcessMemory request was completed. (0x12B)
[0820/154306.093:ERROR:process_memory_win.cc(73)] ReadMemory at 0x92e3694050 of 132 bytes failed: Only part of a ReadProcessMemory or WriteProcessMemory request was completed. (0x12B)
[0820/154306.093:ERROR:process_memory_win.cc(73)] ReadMemory at 0x92e3694170 of 132 bytes failed: Only part of a ReadProcessMemory or WriteProcessMemory request was completed. (0x12B)
[0820/154306.093:ERROR:process_memory_win.cc(73)] ReadMemory at 0x92e3694290 of 132 bytes failed: Only part of a ReadProcessMemory or WriteProcessMemory request was completed. (0x12B)
[0820/154306.093:ERROR:process_memory_win.cc(73)] ReadMemory at 0x92e36943b0 of 132 bytes failed: Only part of a ReadProcessMemory or WriteProcessMemory request was completed. (0x12B)
[0820/154306.093:ERROR:process_memory_win.cc(73)] ReadMemory at 0x92e36944d0 of 132 bytes failed: Only part of a ReadProcessMemory or WriteProcessMemory request was completed. (0x12B)
[0820/154306.094:ERROR:process_memory_win.cc(73)] ReadMemory at 0x92e36945f0 of 132 bytes failed: Only part of a ReadProcessMemory or WriteProcessMemory request was completed. (0x12B)
[0820/154306.094:ERROR:process_memory_win.cc(73)] ReadMemory at 0x92e3694710 of 132 bytes failed: Only part of a ReadProcessMemory or WriteProcessMemory request was completed. (0x12B)
[0820/154306.094:ERROR:process_memory_win.cc(73)] ReadMemory at 0x92e3694830 of 132 bytes failed: Only part of a ReadProcessMemory or WriteProcessMemory request was completed. (0x12B)
[0820/154306.094:ERROR:process_memory_win.cc(73)] ReadMemory at 0x92e3694950 of 132 bytes failed: Only part of a ReadProcessMemory or WriteProcessMemory request was completed. (0x12B)
[0820/154306.094:ERROR:process_memory_win.cc(73)] ReadMemory at 0x92e3694a70 of 132 bytes failed: Only part of a ReadProcessMemory or WriteProcessMemory request was completed. (0x12B)
[0820/154306.094:ERROR:process_memory_win.cc(73)] ReadMemory at 0x92e3694b90 of 132 bytes failed: Only part of a ReadProcessMemory or WriteProcessMemory request was completed. (0x12B)
[0820/154306.095:ERROR:process_memory_win.cc(73)] ReadMemory at 0x92e3694cb0 of 132 bytes failed: Only part of a ReadProcessMemory or WriteProcessMemory request was completed. (0x12B)
[0820/154306.095:ERROR:process_memory_win.cc(73)] ReadMemory at 0x92e3696940 of 132 bytes failed: Only part of a ReadProcessMemory or WriteProcessMemory request was completed. (0x12B)
[0820/154306.095:ERROR:process_memory_win.cc(73)] ReadMemory at 0x92e3696b80 of 132 bytes failed: Only part of a ReadProcessMemory or WriteProcessMemory request was completed. (0x12B)
[0820/154306.095:ERROR:process_memory_win.cc(73)] ReadMemory at 0x92e3696ee0 of 132 bytes failed: Only part of a ReadProcessMemory or WriteProcessMemory request was completed. (0x12B)
[0820/154306.095:ERROR:process_memory_win.cc(73)] ReadMemory at 0x92e3697000 of 132 bytes failed: Only part of a ReadProcessMemory or WriteProcessMemory request was completed. (0x12B)
[0820/154306.095:ERROR:process_memory_win.cc(73)] ReadMemory at 0x92e36976c0 of 132 bytes failed: Only part of a ReadProcessMemory or WriteProcessMemory request was completed. (0x12B)
[0820/154306.096:ERROR:process_memory_win.cc(73)] ReadMemory at 0x92e36977e0 of 132 bytes failed: Only part of a ReadProcessMemory or WriteProcessMemory request was completed. (0x12B)
[0820/154306.096:ERROR:process_memory_win.cc(73)] ReadMemory at 0x92e3697d80 of 132 bytes failed: Only part of a ReadProcessMemory or WriteProcessMemory request was completed. (0x12B)
[0820/154306.096:ERROR:process_memory_win.cc(73)] ReadMemory at 0x92e3697ea0 of 132 bytes failed: Only part of a ReadProcessMemory or WriteProcessMemory request was completed. (0x12B)
[0820/154306.157:ERROR:process_memory_win.cc(73)] ReadMemory at 0x92e36980e0 of 132 bytes failed: Only part of a ReadProcessMemory or WriteProcessMemory request was completed. (0x12B)
[0820/154306.157:ERROR:process_memory_win.cc(73)] ReadMemory at 0x92e3698320 of 132 bytes failed: Only part of a ReadProcessMemory or WriteProcessMemory request was completed. (0x12B)
[0820/154306.158:ERROR:process_memory_win.cc(73)] ReadMemory at 0x92e36a3e70 of 512 bytes failed: Only part of a ReadProcessMemory or WriteProcessMemory request was completed. (0x12B)
[0820/154306.158:ERROR:process_memory_win.cc(73)] ReadMemory at 0x92e36d3920 of 66 bytes failed: Only part of a ReadProcessMemory or WriteProcessMemory request was completed. (0x12B)
[0820/154306.158:ERROR:process_memory_win.cc(73)] ReadMemory at 0x92e36d7870 of 80 bytes failed: Only part of a ReadProcessMemory or WriteProcessMemory request was completed. (0x12B)
[0820/154306.158:ERROR:process_memory_win.cc(73)] ReadMemory at 0x92e36e9790 of 512 bytes failed: Only part of a ReadProcessMemory or WriteProcessMemory request was completed. (0x12B)
[0820/154306.158:ERROR:process_memory_win.cc(73)] ReadMemory at 0x92e36ef8c0 of 512 bytes failed: Only part of a ReadProcessMemory or WriteProcessMemory request was completed. (0x12B)
[0820/154306.158:ERROR:process_memory_win.cc(73)] ReadMemory at 0x92e36f64f0 of 512 bytes failed: Only part of a ReadProcessMemory or WriteProcessMemory request was completed. (0x12B)
[0820/154306.234:ERROR:process_memory_win.cc(73)] ReadMemory at 0x92e36ff7e0 of 512 bytes failed: Only part of a ReadProcessMemory or WriteProcessMemory request was completed. (0x12B)
[0820/154306.337:ERROR:process_memory_win.cc(73)] ReadMemory at 0x92e37053c0 of 512 bytes failed: Only part of a ReadProcessMemory or WriteProcessMemory request was completed. (0x12B)
[0820/154306.337:ERROR:process_memory_win.cc(73)] ReadMemory at 0x92e37155d0 of 712 bytes failed: Only part of a ReadProcessMemory or WriteProcessMemory request was completed. (0x12B)
[0820/154306.337:ERROR:process_memory_win.cc(73)] ReadMemory at 0x92e37228c0 of 512 bytes failed: Only part of a ReadProcessMemory or WriteProcessMemory request was completed. (0x12B)
[0820/154306.337:ERROR:process_memory_win.cc(73)] ReadMemory at 0x92e374f740 of 512 bytes failed: Only part of a ReadProcessMemory or WriteProcessMemory request was completed. (0x12B)
[0820/154306.338:ERROR:process_memory_win.cc(73)] ReadMemory at 0x92e7f3d6c0 of 512 bytes failed: Only part of a ReadProcessMemory or WriteProcessMemory request was completed. (0x12B)
[0820/154306.338:ERROR:process_memory_win.cc(73)] ReadMemory at 0x92e8023580 of 512 bytes failed: Only part of a ReadProcessMemory or WriteProcessMemory request was completed. (0x12B)
[0820/154306.338:ERROR:process_memory_win.cc(73)] ReadMemory at 0x92eab500a8 of 512 bytes failed: Only part of a ReadProcessMemory or WriteProcessMemory request was completed. (0x12B)
[0820/154306.338:ERROR:process_memory_win.cc(73)] ReadMemory at 0x92eab5ff48 of 184 bytes failed: Only part of a ReadProcessMemory or WriteProcessMemory request was completed. (0x12B)
[0820/154306.338:ERROR:process_memory_win.cc(73)] ReadMemory at 0x92ee7bcd78 of 608 bytes failed: Only part of a ReadProcessMemory or WriteProcessMemory request was completed. (0x12B)
[0820/154306.338:ERROR:process_memory_win.cc(73)] ReadMemory at 0x92f344cee0 of 512 bytes failed: Only part of a ReadProcessMemory or WriteProcessMemory request was completed. (0x12B)
[0820/154306.339:ERROR:process_memory_win.cc(73)] ReadMemory at 0x7ff66b82c000 of 6024 bytes failed: Only part of a ReadProcessMemory or WriteProcessMemory request was completed. (0x12B)
[0820/154306.339:ERROR:process_memory_win.cc(73)] ReadMemory at 0x7ff66b82e000 of 6024 bytes failed: Only part of a ReadProcessMemory or WriteProcessMemory request was completed. (0x12B)
[0820/154306.339:ERROR:process_memory_win.cc(73)] ReadMemory at 0x7ff66b830000 of 6024 bytes failed: Only part of a ReadProcessMemory or WriteProcessMemory request was completed. (0x12B)
[0820/154306.339:ERROR:process_memory_win.cc(73)] ReadMemory at 0x7ff66b832000 of 6024 bytes failed: Only part of a ReadProcessMemory or WriteProcessMemory request was completed. (0x12B)
[0820/154306.339:ERROR:process_memory_win.cc(73)] ReadMemory at 0x7ff66b834000 of 6024 bytes failed: Only part of a ReadProcessMemory or WriteProcessMemory request was completed. (0x12B)
[0820/154306.340:ERROR:process_memory_win.cc(73)] ReadMemory at 0x7ff66b836000 of 6024 bytes failed: Only part of a ReadProcessMemory or WriteProcessMemory request was completed. (0x12B)
[0820/154306.340:ERROR:process_memory_win.cc(73)] ReadMemory at 0x7ff66b838000 of 6024 bytes failed: Only part of a ReadProcessMemory or WriteProcessMemory request was completed. (0x12B)
[0820/154306.340:ERROR:process_memory_win.cc(73)] ReadMemory at 0x7ff66b83a000 of 6024 bytes failed: Only part of a ReadProcessMemory or WriteProcessMemory request was completed. (0x12B)
[0820/154306.340:ERROR:process_memory_win.cc(73)] ReadMemory at 0x7ff66b83c000 of 6024 bytes failed: Only part of a ReadProcessMemory or WriteProcessMemory request was completed. (0x12B)
[0820/154306.341:ERROR:process_memory_win.cc(73)] ReadMemory at 0x7ff66b83e000 of 6024 bytes failed: Only part of a ReadProcessMemory or WriteProcessMemory request was completed. (0x12B)
[0820/154306.341:ERROR:process_memory_win.cc(73)] ReadMemory at 0x7ff66b964000 of 6024 bytes failed: Only part of a ReadProcessMemory or WriteProcessMemory request was completed. (0x12B)
[0820/154306.341:ERROR:process_memory_win.cc(73)] ReadMemory at 0x7ff66b966000 of 6024 bytes failed: Only part of a ReadProcessMemory or WriteProcessMemory request was completed. (0x12B)
[0820/154306.341:ERROR:process_memory_win.cc(73)] ReadMemory at 0x7ff66b968000 of 6024 bytes failed: Only part of a ReadProcessMemory or WriteProcessMemory request was completed. (0x12B)
[0820/154306.341:ERROR:process_memory_win.cc(73)] ReadMemory at 0x7ff66b96a000 of 852 bytes failed: Only part of a ReadProcessMemory or WriteProcessMemory request was completed. (0x12B)
[0820/154306.342:ERROR:process_memory_win.cc(73)] ReadMemory at 0x7ff66b96c000 of 6024 bytes failed: Only part of a ReadProcessMemory or WriteProcessMemory request was completed. (0x12B)
[0820/154306.342:ERROR:process_memory_win.cc(73)] ReadMemory at 0x7ff66b96e000 of 6024 bytes failed: Only part of a ReadProcessMemory or WriteProcessMemory request was completed. (0x12B)
[0820/154306.342:ERROR:process_memory_win.cc(73)] ReadMemory at 0x7ff82b79979c of 512 bytes failed: Only part of a ReadProcessMemory or WriteProcessMemory request was completed. (0x12B)
[0820/154306.342:ERROR:process_memory_win.cc(73)] ReadMemory at 0x7ff82fc8c420 of 512 bytes failed: Only part of a ReadProcessMemory or WriteProcessMemory request was completed. (0x12B)
[0820/154306.342:ERROR:process_memory_win.cc(73)] ReadMemory at 0x7ff830a79f78 of 512 bytes failed: Only part of a ReadProcessMemory or WriteProcessMemory request was completed. (0x12B)
[0820/154306.343:ERROR:process_memory_win.cc(73)] ReadMemory at 0x7ff842d779b3 of 512 bytes failed: Only part of a ReadProcessMemory or WriteProcessMemory request was completed. (0x12B)
[0820/154306.343:ERROR:process_memory_win.cc(73)] ReadMemory at 0x7ff842d781a0 of 512 bytes failed: Only part of a ReadProcessMemory or WriteProcessMemory request was completed. (0x12B)
[0820/154306.343:ERROR:process_memory_win.cc(73)] ReadMemory at 0x7ff8546795e0 of 18 bytes failed: Only part of a ReadProcessMemory or WriteProcessMemory request was completed. (0x12B)
[0820/154306.343:ERROR:process_memory_win.cc(73)] ReadMemory at 0x7ff85468c7e0 of 512 bytes failed: Only part of a ReadProcessMemory or WriteProcessMemory request was completed. (0x12B)
[0820/154306.343:ERROR:process_memory_win.cc(73)] ReadMemory at 0x7ff8546aa850 of 512 bytes failed: Only part of a ReadProcessMemory or WriteProcessMemory request was completed. (0x12B)
[0820/154306.343:ERROR:process_memory_win.cc(73)] ReadMemory at 0x7ff8547006ca of 592 bytes failed: Only part of a ReadProcessMemory or WriteProcessMemory request was completed. (0x12B)
[0820/154306.344:ERROR:process_memory_win.cc(73)] ReadMemory at 0x7ff85470214a of 560 bytes failed: Only part of a ReadProcessMemory or WriteProcessMemory request was completed. (0x12B)
[0820/154306.344:ERROR:process_memory_win.cc(73)] ReadMemory at 0x7ff8547046cb of 512 bytes failed: Only part of a ReadProcessMemory or WriteProcessMemory request was completed. (0x12B)
[0820/154306.344:ERROR:process_memory_win.cc(73)] ReadMemory at 0x7ff85479e8a8 of 40 bytes failed: Only part of a ReadProcessMemory or WriteProcessMemory request was completed. (0x12B)
[0820/154306.344:ERROR:process_memory_win.cc(73)] ReadMemory at 0x7ff85479ebe0 of 48 bytes failed: Only part of a ReadProcessMemory or WriteProcessMemory request was completed. (0x12B)
[0820/154306.344:ERROR:process_memory_win.cc(73)] ReadMemory at 0x7ff8547a1320 of 64 bytes failed: Only part of a ReadProcessMemory or WriteProcessMemory request was completed. (0x12B)
[0820/154306.894:ERROR:scoped_process_suspend.cc(40)] NtResumeProcess: An attempt was made to access an exiting process. (0xc000010a)
